<?xml version="1.0" encoding="UTF-8"?>
<!-- Generated by org.testng.reporters.JUnitReportReporter -->
<testsuite hostname="Ranjitha" failures="0" tests="1" name="Balamurali.SimpleCucumberFramework.AppTest" time="0.001" errors="0" timestamp="2024-03-05T19:51:28 IST" skipped="0">
  <testcase classname="Balamurali.SimpleCucumberFramework.AppTest" name="testApp" time="0.001"/>
</testsuite> <!-- Balamurali.SimpleCucumberFramework.AppTest -->
